<?xml version="1.0" encoding="UTF-8"?>
<testng-results total="1" passed="1" failed="0" skipped="0">
  <reporter-output>
  </reporter-output>
  <suite started-at="2023-06-11T14:26:48Z" name="Default suite" finished-at="2023-06-11T14:27:04Z" duration-ms="15794">
    <groups>
    </groups>
    <test started-at="2023-06-11T14:26:48Z" name="Default test" finished-at="2023-06-11T14:27:04Z" duration-ms="15794">
      <class name="automation.testsuite.ThaoNguyen.TS_Test">
        <test-method is-config="true" signature="init()[pri:0, instance:automation.testsuite.ThaoNguyen.TS_Test@27f981c6]" started-at="2023-06-11T21:26:48Z" name="init" finished-at="2023-06-11T21:27:01Z" duration-ms="12760" status="PASS">
          <reporter-output>
          </reporter-output>
        </test-method> <!-- init -->
        <test-method signature="Epic1_Story1_SignInPage()[pri:0, instance:automation.testsuite.ThaoNguyen.TS_Test@27f981c6]" started-at="2023-06-11T21:27:01Z" name="Epic1_Story1_SignInPage" finished-at="2023-06-11T21:27:04Z" duration-ms="3025" status="PASS">
          <reporter-output>
          </reporter-output>
        </test-method> <!-- Epic1_Story1_SignInPage -->
      </class> <!-- automation.testsuite.ThaoNguyen.TS_Test -->
    </test> <!-- Default test -->
  </suite> <!-- Default suite -->
</testng-results>
