<?xml version="1.0" encoding="UTF-8"?>
<testng-results total="1" passed="1" failed="0" skipped="0">
  <reporter-output>
  </reporter-output>
  <suite started-at="2023-06-12T13:25:54Z" name="Default suite" finished-at="2023-06-12T13:26:11Z" duration-ms="17533">
    <groups>
    </groups>
    <test started-at="2023-06-12T13:25:54Z" name="Default test" finished-at="2023-06-12T13:26:11Z" duration-ms="17533">
      <class name="automation.testsuite.beptu">
        <test-method signature="hienThiDanhSachBepTuTheoMucGia()[pri:0, instance:automation.testsuite.beptu@21fd5faa]" started-at="2023-06-12T20:25:54Z" name="hienThiDanhSachBepTuTheoMucGia" finished-at="2023-06-12T20:26:11Z" duration-ms="17497" status="PASS">
          <reporter-output>
          </reporter-output>
        </test-method> <!-- hienThiDanhSachBepTuTheoMucGia -->
      </class> <!-- automation.testsuite.beptu -->
    </test> <!-- Default test -->
  </suite> <!-- Default suite -->
</testng-results>
