<?xml version="1.0" encoding="UTF-8"?>
<testng-results total="1" passed="1" failed="0" skipped="0">
  <reporter-output>
  </reporter-output>
  <suite started-at="2023-06-16T07:44:27Z" name="Default suite" finished-at="2023-06-16T07:44:32Z" duration-ms="5352">
    <groups>
    </groups>
    <test started-at="2023-06-16T07:44:27Z" name="Default test" finished-at="2023-06-16T07:44:32Z" duration-ms="5352">
      <class name="automation.testsuite.TrangNguyen.PracticeLocateElement">
        <test-method is-config="true" signature="init()[pri:0, instance:automation.testsuite.TrangNguyen.PracticeLocateElement@6d025197]" started-at="2023-06-16T14:44:27Z" name="init" finished-at="2023-06-16T14:44:32Z" duration-ms="5273" status="PASS">
          <reporter-output>
          </reporter-output>
        </test-method> <!-- init -->
        <test-method signature="Testcase_Demo()[pri:0, instance:automation.testsuite.TrangNguyen.PracticeLocateElement@6d025197]" started-at="2023-06-16T14:44:32Z" name="Testcase_Demo" finished-at="2023-06-16T14:44:32Z" duration-ms="63" status="PASS">
          <reporter-output>
          </reporter-output>
        </test-method> <!-- Testcase_Demo -->
      </class> <!-- automation.testsuite.TrangNguyen.PracticeLocateElement -->
    </test> <!-- Default test -->
  </suite> <!-- Default suite -->
</testng-results>
