<?xml version="1.0" encoding="UTF-8"?>
<testng-results ignored="0" total="1" passed="1" failed="0" skipped="0">
  <reporter-output>
  </reporter-output>
  <suite started-at="2023-06-25T18:35:02 GMT+07:00" name="Default suite" finished-at="2023-06-25T18:35:10 GMT+07:00" duration-ms="7575">
    <groups>
    </groups>
    <test started-at="2023-06-25T18:35:02 GMT+07:00" name="Default test" finished-at="2023-06-25T18:35:10 GMT+07:00" duration-ms="7575">
      <class name="automation.testsuite.TS_PracticeLocateElement">
        <test-method is-config="true" signature="init()[pri:0, instance:automation.testsuite.TS_PracticeLocateElement@795509d9]" started-at="2023-06-25T18:35:02 GMT+07:00" name="init" finished-at="2023-06-25T18:35:05 GMT+07:00" duration-ms="2823" status="PASS">
          <reporter-output>
          </reporter-output>
        </test-method> <!-- init -->
        <test-method signature="multiCheckbox()[pri:0, instance:automation.testsuite.TS_PracticeLocateElement@795509d9]" started-at="2023-06-25T18:35:05 GMT+07:00" name="multiCheckbox" finished-at="2023-06-25T18:35:10 GMT+07:00" duration-ms="4708" status="PASS">
          <reporter-output>
          </reporter-output>
        </test-method> <!-- multiCheckbox -->
      </class> <!-- automation.testsuite.TS_PracticeLocateElement -->
    </test> <!-- Default test -->
  </suite> <!-- Default suite -->
</testng-results>
