<?xml version="1.0" encoding="UTF-8"?>
<testng-results ignored="0" total="2" passed="2" failed="0" skipped="0">
  <reporter-output>
  </reporter-output>
  <suite started-at="2023-06-29T21:33:00 GMT+07:00" name="Default suite" finished-at="2023-06-29T21:33:05 GMT+07:00" duration-ms="5181">
    <groups>
    </groups>
    <test started-at="2023-06-29T21:33:00 GMT+07:00" name="Default test" finished-at="2023-06-29T21:33:05 GMT+07:00" duration-ms="5181">
      <class name="automation.testsuite.PracticeDay12">
        <test-method signature="isRadioButtonSelected()[pri:0, instance:automation.testsuite.PracticeDay12@563f38c4]" started-at="2023-06-29T21:33:00 GMT+07:00" name="isRadioButtonSelected" finished-at="2023-06-29T21:33:03 GMT+07:00" duration-ms="2662" status="PASS">
          <reporter-output>
          </reporter-output>
        </test-method> <!-- isRadioButtonSelected -->
        <test-method signature="selectDropdownlist()[pri:0, instance:automation.testsuite.PracticeDay12@563f38c4]" started-at="2023-06-29T21:33:03 GMT+07:00" name="selectDropdownlist" finished-at="2023-06-29T21:33:05 GMT+07:00" duration-ms="2474" status="PASS">
          <reporter-output>
          </reporter-output>
        </test-method> <!-- selectDropdownlist -->
      </class> <!-- automation.testsuite.PracticeDay12 -->
    </test> <!-- Default test -->
  </suite> <!-- Default suite -->
</testng-results>
