<?xml version="1.0" encoding="UTF-8"?>
<testng-results total="1" passed="1" failed="0" skipped="0">
  <reporter-output>
  </reporter-output>
  <suite started-at="2023-06-11T11:30:48Z" name="Default suite" finished-at="2023-06-11T11:31:06Z" duration-ms="18484">
    <groups>
    </groups>
    <test started-at="2023-06-11T11:30:48Z" name="Default test" finished-at="2023-06-11T11:31:06Z" duration-ms="18484">
      <class name="automation.testsuite.TS_Test">
        <test-method is-config="true" signature="init()[pri:0, instance:automation.testsuite.TS_Test@10cf09e8]" started-at="2023-06-11T18:30:48Z" name="init" finished-at="2023-06-11T18:31:00Z" duration-ms="12451" status="PASS">
          <reporter-output>
          </reporter-output>
        </test-method> <!-- init -->
        <test-method signature="Epic1_Story1_SignInPage()[pri:0, instance:automation.testsuite.TS_Test@10cf09e8]" started-at="2023-06-11T18:31:00Z" name="Epic1_Story1_SignInPage" finished-at="2023-06-11T18:31:03Z" duration-ms="3011" status="PASS">
          <reporter-output>
          </reporter-output>
        </test-method> <!-- Epic1_Story1_SignInPage -->
        <test-method is-config="true" signature="Epic1_Story1_SignInPage()[pri:0, instance:automation.testsuite.TS_Test@10cf09e8]" started-at="2023-06-11T18:31:03Z" name="Epic1_Story1_SignInPage" finished-at="2023-06-11T18:31:06Z" duration-ms="3005" status="PASS">
          <reporter-output>
          </reporter-output>
        </test-method> <!-- Epic1_Story1_SignInPage -->
      </class> <!-- automation.testsuite.TS_Test -->
    </test> <!-- Default test -->
  </suite> <!-- Default suite -->
</testng-results>
