<?xml version="1.0" encoding="UTF-8"?>
<testng-results total="1" passed="1" failed="0" skipped="0">
  <reporter-output>
  </reporter-output>
  <suite started-at="2023-06-12T15:20:35Z" name="Default suite" finished-at="2023-06-12T15:20:53Z" duration-ms="18037">
    <groups>
    </groups>
    <test started-at="2023-06-12T15:20:35Z" name="Default test" finished-at="2023-06-12T15:20:53Z" duration-ms="18037">
      <class name="automation.testsuite.TS_Test">
        <test-method is-config="true" signature="init()[pri:0, instance:automation.testsuite.TS_Test@6d025197]" started-at="2023-06-12T22:20:35Z" name="init" finished-at="2023-06-12T22:20:47Z" duration-ms="11996" status="PASS">
          <reporter-output>
          </reporter-output>
        </test-method> <!-- init -->
        <test-method signature="Demo_Testcase()[pri:0, instance:automation.testsuite.TS_Test@6d025197]" started-at="2023-06-12T22:20:47Z" name="Demo_Testcase" finished-at="2023-06-12T22:20:50Z" duration-ms="3017" status="PASS">
          <reporter-output>
          </reporter-output>
        </test-method> <!-- Demo_Testcase -->
        <test-method is-config="true" signature="Demo_Testcase()[pri:0, instance:automation.testsuite.TS_Test@6d025197]" started-at="2023-06-12T22:20:50Z" name="Demo_Testcase" finished-at="2023-06-12T22:20:53Z" duration-ms="3014" status="PASS">
          <reporter-output>
          </reporter-output>
        </test-method> <!-- Demo_Testcase -->
      </class> <!-- automation.testsuite.TS_Test -->
    </test> <!-- Default test -->
  </suite> <!-- Default suite -->
</testng-results>
