<?xml version="1.0" encoding="UTF-8"?>
<testng-results ignored="0" total="1" passed="1" failed="0" skipped="0">
  <reporter-output>
  </reporter-output>
  <suite started-at="2023-06-21T04:20:48 ICT" name="Default suite" finished-at="2023-06-21T04:20:58 ICT" duration-ms="10284">
    <groups>
    </groups>
    <test started-at="2023-06-21T04:20:48 ICT" name="Default test" finished-at="2023-06-21T04:20:58 ICT" duration-ms="10284">
      <class name="automation.testsuite.ThoaLe.TS_PracticeLocateElement">
        <test-method is-config="true" signature="init()[pri:0, instance:automation.testsuite.ThoaLe.TS_PracticeLocateElement@74d1dc36]" started-at="2023-06-21T04:20:48 ICT" name="init" finished-at="2023-06-21T04:20:58 ICT" duration-ms="10212" status="PASS">
          <reporter-output>
          </reporter-output>
        </test-method> <!-- init -->
        <test-method signature="Demo_Testcase()[pri:0, instance:automation.testsuite.ThoaLe.TS_PracticeLocateElement@74d1dc36]" started-at="2023-06-21T04:20:58 ICT" name="Demo_Testcase" finished-at="2023-06-21T04:20:58 ICT" duration-ms="28" status="PASS">
          <reporter-output>
          </reporter-output>
        </test-method> <!-- Demo_Testcase -->
      </class> <!-- automation.testsuite.ThoaLe.TS_PracticeLocateElement -->
    </test> <!-- Default test -->
  </suite> <!-- Default suite -->
</testng-results>
