<?xml version="1.0" encoding="UTF-8"?>
<testng-results total="1" passed="1" failed="0" skipped="0">
  <reporter-output>
  </reporter-output>
  <suite started-at="2023-06-11T14:24:26Z" name="Default suite" finished-at="2023-06-11T14:24:42Z" duration-ms="15323">
    <groups>
    </groups>
    <test started-at="2023-06-11T14:24:26Z" name="Default test" finished-at="2023-06-11T14:24:42Z" duration-ms="15323">
      <class name="automation.testsuite.NganNguyen.TS_Test">
        <test-method is-config="true" signature="init()[pri:0, instance:automation.testsuite.NganNguyen.TS_Test@2e6a5539]" started-at="2023-06-11T21:24:26Z" name="init" finished-at="2023-06-11T21:24:38Z" duration-ms="12125" status="PASS">
          <reporter-output>
          </reporter-output>
        </test-method> <!-- init -->
        <test-method signature="Epic1_Story1_SignInPage()[pri:0, instance:automation.testsuite.NganNguyen.TS_Test@2e6a5539]" started-at="2023-06-11T21:24:38Z" name="Epic1_Story1_SignInPage" finished-at="2023-06-11T21:24:42Z" duration-ms="3178" status="PASS">
          <reporter-output>
          </reporter-output>
        </test-method> <!-- Epic1_Story1_SignInPage -->
      </class> <!-- automation.testsuite.NganNguyen.TS_Test -->
    </test> <!-- Default test -->
  </suite> <!-- Default suite -->
</testng-results>
