<?xml version="1.0" encoding="UTF-8"?>
<testng-results total="1" passed="1" failed="0" skipped="0">
  <reporter-output>
  </reporter-output>
  <suite started-at="2023-06-18T13:16:38Z" name="Default suite" finished-at="2023-06-18T13:16:44Z" duration-ms="5453">
    <groups>
    </groups>
    <test started-at="2023-06-18T13:16:38Z" name="Default test" finished-at="2023-06-18T13:16:44Z" duration-ms="5453">
      <class name="automation.testsuite.AnTran.TS_PracticeLocateElement">
        <test-method is-config="true" signature="init()[pri:0, instance:automation.testsuite.AnTran.TS_PracticeLocateElement@78fa769e]" started-at="2023-06-18T20:16:38Z" name="init" finished-at="2023-06-18T20:16:44Z" duration-ms="5389" status="PASS">
          <reporter-output>
          </reporter-output>
        </test-method> <!-- init -->
        <test-method signature="Demo_TestCase()[pri:0, instance:automation.testsuite.AnTran.TS_PracticeLocateElement@78fa769e]" started-at="2023-06-18T20:16:44Z" name="Demo_TestCase" finished-at="2023-06-18T20:16:44Z" duration-ms="48" status="PASS">
          <reporter-output>
          </reporter-output>
        </test-method> <!-- Demo_TestCase -->
      </class> <!-- automation.testsuite.AnTran.TS_PracticeLocateElement -->
    </test> <!-- Default test -->
  </suite> <!-- Default suite -->
</testng-results>
