<?xml version="1.0" encoding="UTF-8"?>
<!-- Generated by org.testng.reporters.JUnitReportReporter -->
<testsuite hostname="MSI" failures="0" tests="8" name="automation.testsuite.TrangNguyen.loginTest" time="5.197" errors="7" timestamp="2023-07-06T20:01:17 ICT" skipped="0">
  <testcase classname="automation.testsuite.TrangNguyen.loginTest" name="LoginSS" time="5.086"/>
  <system-out/>
  <testcase classname="automation.testsuite.TrangNguyen.loginTest" name="LoginUnSS_username_have_space_between" time="0.007">
    <error message="Returned value cannot be converted to WebElement: {stacktrace=Backtrace:
	GetHandleVerifier [0x00398893+48451]
	(No symbol) [0x0032B8A1]
	(No symbol) [0x00234F20]
	(No symbol) [0x002577AC]
	(No symbol) [0x0027A1B6]
	(No symbol) [0x00276C2D]
	(No symbol) [0x0027669A]
	(No symbol) [0x00215301]
	(No symbol) [0x0021570E]
	(No symbol) [0x00215AEA]
	GetHandleVerifier [0x005F8E3A+2540266]
	GetHandleVerifier [0x00638959+2801161]
	GetHandleVerifier [0x0063295C+2776588]
	GetHandleVerifier [0x00422280+612144]
	(No symbol) [0x00334F6C]
	(No symbol) [0x00214F5A]
	(No symbol) [0x00214959]
	GetHandleVerifier [0x0065FD7C+2961964]
	BaseThreadInitThunk [0x75DE7D59+25]
	RtlInitializeExceptionChain [0x77E3B74B+107]
	RtlClearBits [0x77E3B6CF+191]
, error=invalid session id, message=invalid session id}
Build info: version: &#039;2.53.1&#039;, revision: &#039;a36b8b1cd5757287168e54b817830adce9b0158d&#039;, time: &#039;2016-06-30 19:26:09&#039;
System info: host: &#039;MSI&#039;, ip: &#039;10.20.0.169&#039;, os.name: &#039;Windows 11&#039;, os.arch: &#039;amd64&#039;, os.version: &#039;10.0&#039;, java.version: &#039;17.0.7&#039;
Driver info: driver.version: RemoteWebDriver" type="org.openqa.selenium.WebDriverException">
      <![CDATA[org.openqa.selenium.WebDriverException: Returned value cannot be converted to WebElement: {stacktrace=Backtrace:
GetHandleVerifier [0x00398893+48451]
(No symbol) [0x0032B8A1]
(No symbol) [0x00234F20]
(No symbol) [0x002577AC]
(No symbol) [0x0027A1B6]
(No symbol) [0x00276C2D]
(No symbol) [0x0027669A]
(No symbol) [0x00215301]
(No symbol) [0x0021570E]
(No symbol) [0x00215AEA]
GetHandleVerifier [0x005F8E3A+2540266]
GetHandleVerifier [0x00638959+2801161]
GetHandleVerifier [0x0063295C+2776588]
GetHandleVerifier [0x00422280+612144]
(No symbol) [0x00334F6C]
(No symbol) [0x00214F5A]
(No symbol) [0x00214959]
GetHandleVerifier [0x0065FD7C+2961964]
BaseThreadInitThunk [0x75DE7D59+25]
RtlInitializeExceptionChain [0x77E3B74B+107]
RtlClearBits [0x77E3B6CF+191]
, error=invalid session id, message=invalid session id}
Build info: version: '2.53.1', revision: 'a36b8b1cd5757287168e54b817830adce9b0158d', time: '2016-06-30 19:26:09'
System info: host: 'MSI', ip: '10.20.0.169', os.name: 'Windows 11', os.arch: 'amd64', os.version: '10.0', java.version: '17.0.7'
Driver info: driver.version: RemoteWebDriver
at org.openqa.selenium.remote.RemoteWebDriver.findElement(RemoteWebDriver.java:370)
at org.openqa.selenium.remote.RemoteWebDriver.findElementByXPath(RemoteWebDriver.java:500)
at org.openqa.selenium.By$ByXPath.findElement(By.java:361)
at org.openqa.selenium.remote.RemoteWebDriver.findElement(RemoteWebDriver.java:355)
at automation.pageLocatorTrangNTH.LoginPage.Login(LoginPage.java:28)
at automation.testsuite.TrangNguyen.loginTest.LoginUnSS_username_have_space_between(loginTest.java:64)
at java.base/jdk.internal.reflect.NativeMethodAccessorImpl.invoke0(Native Method)
at java.base/jdk.internal.reflect.NativeMethodAccessorImpl.invoke(NativeMethodAccessorImpl.java:77)
at java.base/jdk.internal.reflect.DelegatingMethodAccessorImpl.invoke(DelegatingMethodAccessorImpl.java:43)
at java.base/java.lang.reflect.Method.invoke(Method.java:568)
at org.testng.internal.MethodInvocationHelper.invokeMethod(MethodInvocationHelper.java:133)
at org.testng.internal.TestInvoker.invokeMethod(TestInvoker.java:598)
at org.testng.internal.TestInvoker.invokeTestMethod(TestInvoker.java:173)
at org.testng.internal.MethodRunner.runInSequence(MethodRunner.java:46)
at org.testng.internal.TestInvoker$MethodInvocationAgent.invoke(TestInvoker.java:824)
at org.testng.internal.TestInvoker.invokeTestMethods(TestInvoker.java:146)
at org.testng.internal.TestMethodWorker.invokeTestMethods(TestMethodWorker.java:146)
at org.testng.internal.TestMethodWorker.run(TestMethodWorker.java:128)
at java.base/java.util.ArrayList.forEach(ArrayList.java:1511)
at org.testng.TestRunner.privateRun(TestRunner.java:794)
at org.testng.TestRunner.run(TestRunner.java:596)
at org.testng.SuiteRunner.runTest(SuiteRunner.java:377)
at org.testng.SuiteRunner.runSequentially(SuiteRunner.java:371)
at org.testng.SuiteRunner.privateRun(SuiteRunner.java:332)
at org.testng.SuiteRunner.run(SuiteRunner.java:276)
at org.testng.SuiteRunnerWorker.runSuite(SuiteRunnerWorker.java:53)
at org.testng.SuiteRunnerWorker.run(SuiteRunnerWorker.java:96)
at org.testng.TestNG.runSuitesSequentially(TestNG.java:1212)
at org.testng.TestNG.runSuitesLocally(TestNG.java:1134)
at org.testng.TestNG.runSuites(TestNG.java:1063)
at org.testng.TestNG.run(TestNG.java:1031)
at org.testng.remote.AbstractRemoteTestNG.run(AbstractRemoteTestNG.java:115)
at org.testng.remote.RemoteTestNG.initAndRun(RemoteTestNG.java:251)
at org.testng.remote.RemoteTestNG.main(RemoteTestNG.java:77)
Caused by: java.lang.ClassCastException: class com.google.common.collect.Maps$TransformedEntriesMap cannot be cast to class org.openqa.selenium.WebElement (com.google.common.collect.Maps$TransformedEntriesMap and org.openqa.selenium.WebElement are in unnamed module of loader 'app')
at org.openqa.selenium.remote.RemoteWebDriver.findElement(RemoteWebDriver.java:368)
... 33 more
]]>
    </error>
  </testcase> <!-- LoginUnSS_username_have_space_between -->
  <system-out/>
  <testcase classname="automation.testsuite.TrangNguyen.loginTest" name="LoginUnSS_not_Exist" time="0.071">
    <error message="Returned value cannot be converted to WebElement: {stacktrace=Backtrace:
	GetHandleVerifier [0x00398893+48451]
	(No symbol) [0x0032B8A1]
	(No symbol) [0x00234F20]
	(No symbol) [0x00257A42]
	(No symbol) [0x00258F2D]
	GetHandleVerifier [0x005F8E3A+2540266]
	GetHandleVerifier [0x00638959+2801161]
	GetHandleVerifier [0x0063295C+2776588]
	GetHandleVerifier [0x00422280+612144]
	(No symbol) [0x00334F6C]
	(No symbol) [0x003311D8]
	(No symbol) [0x003312BB]
	(No symbol) [0x00324857]
	BaseThreadInitThunk [0x75DE7D59+25]
	RtlInitializeExceptionChain [0x77E3B74B+107]
	RtlClearBits [0x77E3B6CF+191]
, error=invalid session id, message=invalid session id}
Build info: version: &#039;2.53.1&#039;, revision: &#039;a36b8b1cd5757287168e54b817830adce9b0158d&#039;, time: &#039;2016-06-30 19:26:09&#039;
System info: host: &#039;MSI&#039;, ip: &#039;10.20.0.169&#039;, os.name: &#039;Windows 11&#039;, os.arch: &#039;amd64&#039;, os.version: &#039;10.0&#039;, java.version: &#039;17.0.7&#039;
Driver info: driver.version: RemoteWebDriver" type="org.openqa.selenium.WebDriverException">
      <![CDATA[org.openqa.selenium.WebDriverException: Returned value cannot be converted to WebElement: {stacktrace=Backtrace:
GetHandleVerifier [0x00398893+48451]
(No symbol) [0x0032B8A1]
(No symbol) [0x00234F20]
(No symbol) [0x00257A42]
(No symbol) [0x00258F2D]
GetHandleVerifier [0x005F8E3A+2540266]
GetHandleVerifier [0x00638959+2801161]
GetHandleVerifier [0x0063295C+2776588]
GetHandleVerifier [0x00422280+612144]
(No symbol) [0x00334F6C]
(No symbol) [0x003311D8]
(No symbol) [0x003312BB]
(No symbol) [0x00324857]
BaseThreadInitThunk [0x75DE7D59+25]
RtlInitializeExceptionChain [0x77E3B74B+107]
RtlClearBits [0x77E3B6CF+191]
, error=invalid session id, message=invalid session id}
Build info: version: '2.53.1', revision: 'a36b8b1cd5757287168e54b817830adce9b0158d', time: '2016-06-30 19:26:09'
System info: host: 'MSI', ip: '10.20.0.169', os.name: 'Windows 11', os.arch: 'amd64', os.version: '10.0', java.version: '17.0.7'
Driver info: driver.version: RemoteWebDriver
at org.openqa.selenium.remote.RemoteWebDriver.findElement(RemoteWebDriver.java:370)
at org.openqa.selenium.remote.RemoteWebDriver.findElementByXPath(RemoteWebDriver.java:500)
at org.openqa.selenium.By$ByXPath.findElement(By.java:361)
at org.openqa.selenium.remote.RemoteWebDriver.findElement(RemoteWebDriver.java:355)
at automation.pageLocatorTrangNTH.LoginPage.Login(LoginPage.java:28)
at automation.testsuite.TrangNguyen.loginTest.LoginUnSS_not_Exist(loginTest.java:36)
at java.base/jdk.internal.reflect.NativeMethodAccessorImpl.invoke0(Native Method)
at java.base/jdk.internal.reflect.NativeMethodAccessorImpl.invoke(NativeMethodAccessorImpl.java:77)
at java.base/jdk.internal.reflect.DelegatingMethodAccessorImpl.invoke(DelegatingMethodAccessorImpl.java:43)
at java.base/java.lang.reflect.Method.invoke(Method.java:568)
at org.testng.internal.MethodInvocationHelper.invokeMethod(MethodInvocationHelper.java:133)
at org.testng.internal.TestInvoker.invokeMethod(TestInvoker.java:598)
at org.testng.internal.TestInvoker.invokeTestMethod(TestInvoker.java:173)
at org.testng.internal.MethodRunner.runInSequence(MethodRunner.java:46)
at org.testng.internal.TestInvoker$MethodInvocationAgent.invoke(TestInvoker.java:824)
at org.testng.internal.TestInvoker.invokeTestMethods(TestInvoker.java:146)
at org.testng.internal.TestMethodWorker.invokeTestMethods(TestMethodWorker.java:146)
at org.testng.internal.TestMethodWorker.run(TestMethodWorker.java:128)
at java.base/java.util.ArrayList.forEach(ArrayList.java:1511)
at org.testng.TestRunner.privateRun(TestRunner.java:794)
at org.testng.TestRunner.run(TestRunner.java:596)
at org.testng.SuiteRunner.runTest(SuiteRunner.java:377)
at org.testng.SuiteRunner.runSequentially(SuiteRunner.java:371)
at org.testng.SuiteRunner.privateRun(SuiteRunner.java:332)
at org.testng.SuiteRunner.run(SuiteRunner.java:276)
at org.testng.SuiteRunnerWorker.runSuite(SuiteRunnerWorker.java:53)
at org.testng.SuiteRunnerWorker.run(SuiteRunnerWorker.java:96)
at org.testng.TestNG.runSuitesSequentially(TestNG.java:1212)
at org.testng.TestNG.runSuitesLocally(TestNG.java:1134)
at org.testng.TestNG.runSuites(TestNG.java:1063)
at org.testng.TestNG.run(TestNG.java:1031)
at org.testng.remote.AbstractRemoteTestNG.run(AbstractRemoteTestNG.java:115)
at org.testng.remote.RemoteTestNG.initAndRun(RemoteTestNG.java:251)
at org.testng.remote.RemoteTestNG.main(RemoteTestNG.java:77)
Caused by: java.lang.ClassCastException: class com.google.common.collect.Maps$TransformedEntriesMap cannot be cast to class org.openqa.selenium.WebElement (com.google.common.collect.Maps$TransformedEntriesMap and org.openqa.selenium.WebElement are in unnamed module of loader 'app')
at org.openqa.selenium.remote.RemoteWebDriver.findElement(RemoteWebDriver.java:368)
... 33 more
]]>
    </error>
  </testcase> <!-- LoginUnSS_not_Exist -->
  <system-out/>
  <testcase classname="automation.testsuite.TrangNguyen.loginTest" name="LoginUnSS_not_valid_password" time="0.007">
    <error message="Returned value cannot be converted to WebElement: {stacktrace=Backtrace:
	GetHandleVerifier [0x00398893+48451]
	(No symbol) [0x0032B8A1]
	(No symbol) [0x00234F20]
	(No symbol) [0x002577AC]
	(No symbol) [0x0027A1B6]
	(No symbol) [0x00276C2D]
	(No symbol) [0x0027669A]
	(No symbol) [0x00215301]
	(No symbol) [0x0021570E]
	(No symbol) [0x00215AEA]
	GetHandleVerifier [0x005F8E3A+2540266]
	GetHandleVerifier [0x00638959+2801161]
	GetHandleVerifier [0x0063295C+2776588]
	GetHandleVerifier [0x00422280+612144]
	(No symbol) [0x00334F6C]
	(No symbol) [0x00214F5A]
	(No symbol) [0x00214959]
	GetHandleVerifier [0x0065FD7C+2961964]
	BaseThreadInitThunk [0x75DE7D59+25]
	RtlInitializeExceptionChain [0x77E3B74B+107]
	RtlClearBits [0x77E3B6CF+191]
, error=invalid session id, message=invalid session id}
Build info: version: &#039;2.53.1&#039;, revision: &#039;a36b8b1cd5757287168e54b817830adce9b0158d&#039;, time: &#039;2016-06-30 19:26:09&#039;
System info: host: &#039;MSI&#039;, ip: &#039;10.20.0.169&#039;, os.name: &#039;Windows 11&#039;, os.arch: &#039;amd64&#039;, os.version: &#039;10.0&#039;, java.version: &#039;17.0.7&#039;
Driver info: driver.version: RemoteWebDriver" type="org.openqa.selenium.WebDriverException">
      <![CDATA[org.openqa.selenium.WebDriverException: Returned value cannot be converted to WebElement: {stacktrace=Backtrace:
GetHandleVerifier [0x00398893+48451]
(No symbol) [0x0032B8A1]
(No symbol) [0x00234F20]
(No symbol) [0x002577AC]
(No symbol) [0x0027A1B6]
(No symbol) [0x00276C2D]
(No symbol) [0x0027669A]
(No symbol) [0x00215301]
(No symbol) [0x0021570E]
(No symbol) [0x00215AEA]
GetHandleVerifier [0x005F8E3A+2540266]
GetHandleVerifier [0x00638959+2801161]
GetHandleVerifier [0x0063295C+2776588]
GetHandleVerifier [0x00422280+612144]
(No symbol) [0x00334F6C]
(No symbol) [0x00214F5A]
(No symbol) [0x00214959]
GetHandleVerifier [0x0065FD7C+2961964]
BaseThreadInitThunk [0x75DE7D59+25]
RtlInitializeExceptionChain [0x77E3B74B+107]
RtlClearBits [0x77E3B6CF+191]
, error=invalid session id, message=invalid session id}
Build info: version: '2.53.1', revision: 'a36b8b1cd5757287168e54b817830adce9b0158d', time: '2016-06-30 19:26:09'
System info: host: 'MSI', ip: '10.20.0.169', os.name: 'Windows 11', os.arch: 'amd64', os.version: '10.0', java.version: '17.0.7'
Driver info: driver.version: RemoteWebDriver
at org.openqa.selenium.remote.RemoteWebDriver.findElement(RemoteWebDriver.java:370)
at org.openqa.selenium.remote.RemoteWebDriver.findElementByXPath(RemoteWebDriver.java:500)
at org.openqa.selenium.By$ByXPath.findElement(By.java:361)
at org.openqa.selenium.remote.RemoteWebDriver.findElement(RemoteWebDriver.java:355)
at automation.pageLocatorTrangNTH.LoginPage.Login(LoginPage.java:28)
at automation.testsuite.TrangNguyen.loginTest.LoginUnSS_not_valid_password(loginTest.java:72)
at java.base/jdk.internal.reflect.NativeMethodAccessorImpl.invoke0(Native Method)
at java.base/jdk.internal.reflect.NativeMethodAccessorImpl.invoke(NativeMethodAccessorImpl.java:77)
at java.base/jdk.internal.reflect.DelegatingMethodAccessorImpl.invoke(DelegatingMethodAccessorImpl.java:43)
at java.base/java.lang.reflect.Method.invoke(Method.java:568)
at org.testng.internal.MethodInvocationHelper.invokeMethod(MethodInvocationHelper.java:133)
at org.testng.internal.TestInvoker.invokeMethod(TestInvoker.java:598)
at org.testng.internal.TestInvoker.invokeTestMethod(TestInvoker.java:173)
at org.testng.internal.MethodRunner.runInSequence(MethodRunner.java:46)
at org.testng.internal.TestInvoker$MethodInvocationAgent.invoke(TestInvoker.java:824)
at org.testng.internal.TestInvoker.invokeTestMethods(TestInvoker.java:146)
at org.testng.internal.TestMethodWorker.invokeTestMethods(TestMethodWorker.java:146)
at org.testng.internal.TestMethodWorker.run(TestMethodWorker.java:128)
at java.base/java.util.ArrayList.forEach(ArrayList.java:1511)
at org.testng.TestRunner.privateRun(TestRunner.java:794)
at org.testng.TestRunner.run(TestRunner.java:596)
at org.testng.SuiteRunner.runTest(SuiteRunner.java:377)
at org.testng.SuiteRunner.runSequentially(SuiteRunner.java:371)
at org.testng.SuiteRunner.privateRun(SuiteRunner.java:332)
at org.testng.SuiteRunner.run(SuiteRunner.java:276)
at org.testng.SuiteRunnerWorker.runSuite(SuiteRunnerWorker.java:53)
at org.testng.SuiteRunnerWorker.run(SuiteRunnerWorker.java:96)
at org.testng.TestNG.runSuitesSequentially(TestNG.java:1212)
at org.testng.TestNG.runSuitesLocally(TestNG.java:1134)
at org.testng.TestNG.runSuites(TestNG.java:1063)
at org.testng.TestNG.run(TestNG.java:1031)
at org.testng.remote.AbstractRemoteTestNG.run(AbstractRemoteTestNG.java:115)
at org.testng.remote.RemoteTestNG.initAndRun(RemoteTestNG.java:251)
at org.testng.remote.RemoteTestNG.main(RemoteTestNG.java:77)
Caused by: java.lang.ClassCastException: class com.google.common.collect.Maps$TransformedEntriesMap cannot be cast to class org.openqa.selenium.WebElement (com.google.common.collect.Maps$TransformedEntriesMap and org.openqa.selenium.WebElement are in unnamed module of loader 'app')
at org.openqa.selenium.remote.RemoteWebDriver.findElement(RemoteWebDriver.java:368)
... 33 more
]]>
    </error>
  </testcase> <!-- LoginUnSS_not_valid_password -->
  <system-out/>
  <testcase classname="automation.testsuite.TrangNguyen.loginTest" name="LoginUnSS_not_valid_username" time="0.008">
    <error message="Returned value cannot be converted to WebElement: {stacktrace=Backtrace:
	GetHandleVerifier [0x00398893+48451]
	(No symbol) [0x0032B8A1]
	(No symbol) [0x00234F20]
	(No symbol) [0x002577AC]
	(No symbol) [0x0027A1B6]
	(No symbol) [0x00276C2D]
	(No symbol) [0x0027669A]
	(No symbol) [0x00215301]
	(No symbol) [0x0021570E]
	(No symbol) [0x00215AEA]
	GetHandleVerifier [0x005F8E3A+2540266]
	GetHandleVerifier [0x00638959+2801161]
	GetHandleVerifier [0x0063295C+2776588]
	GetHandleVerifier [0x00422280+612144]
	(No symbol) [0x00334F6C]
	(No symbol) [0x00214F5A]
	(No symbol) [0x00214959]
	GetHandleVerifier [0x0065FD7C+2961964]
	BaseThreadInitThunk [0x75DE7D59+25]
	RtlInitializeExceptionChain [0x77E3B74B+107]
	RtlClearBits [0x77E3B6CF+191]
, error=invalid session id, message=invalid session id}
Build info: version: &#039;2.53.1&#039;, revision: &#039;a36b8b1cd5757287168e54b817830adce9b0158d&#039;, time: &#039;2016-06-30 19:26:09&#039;
System info: host: &#039;MSI&#039;, ip: &#039;10.20.0.169&#039;, os.name: &#039;Windows 11&#039;, os.arch: &#039;amd64&#039;, os.version: &#039;10.0&#039;, java.version: &#039;17.0.7&#039;
Driver info: driver.version: RemoteWebDriver" type="org.openqa.selenium.WebDriverException">
      <![CDATA[org.openqa.selenium.WebDriverException: Returned value cannot be converted to WebElement: {stacktrace=Backtrace:
GetHandleVerifier [0x00398893+48451]
(No symbol) [0x0032B8A1]
(No symbol) [0x00234F20]
(No symbol) [0x002577AC]
(No symbol) [0x0027A1B6]
(No symbol) [0x00276C2D]
(No symbol) [0x0027669A]
(No symbol) [0x00215301]
(No symbol) [0x0021570E]
(No symbol) [0x00215AEA]
GetHandleVerifier [0x005F8E3A+2540266]
GetHandleVerifier [0x00638959+2801161]
GetHandleVerifier [0x0063295C+2776588]
GetHandleVerifier [0x00422280+612144]
(No symbol) [0x00334F6C]
(No symbol) [0x00214F5A]
(No symbol) [0x00214959]
GetHandleVerifier [0x0065FD7C+2961964]
BaseThreadInitThunk [0x75DE7D59+25]
RtlInitializeExceptionChain [0x77E3B74B+107]
RtlClearBits [0x77E3B6CF+191]
, error=invalid session id, message=invalid session id}
Build info: version: '2.53.1', revision: 'a36b8b1cd5757287168e54b817830adce9b0158d', time: '2016-06-30 19:26:09'
System info: host: 'MSI', ip: '10.20.0.169', os.name: 'Windows 11', os.arch: 'amd64', os.version: '10.0', java.version: '17.0.7'
Driver info: driver.version: RemoteWebDriver
at org.openqa.selenium.remote.RemoteWebDriver.findElement(RemoteWebDriver.java:370)
at org.openqa.selenium.remote.RemoteWebDriver.findElementByXPath(RemoteWebDriver.java:500)
at org.openqa.selenium.By$ByXPath.findElement(By.java:361)
at org.openqa.selenium.remote.RemoteWebDriver.findElement(RemoteWebDriver.java:355)
at automation.pageLocatorTrangNTH.LoginPage.Login(LoginPage.java:28)
at automation.testsuite.TrangNguyen.loginTest.LoginUnSS_not_valid_username(loginTest.java:46)
at java.base/jdk.internal.reflect.NativeMethodAccessorImpl.invoke0(Native Method)
at java.base/jdk.internal.reflect.NativeMethodAccessorImpl.invoke(NativeMethodAccessorImpl.java:77)
at java.base/jdk.internal.reflect.DelegatingMethodAccessorImpl.invoke(DelegatingMethodAccessorImpl.java:43)
at java.base/java.lang.reflect.Method.invoke(Method.java:568)
at org.testng.internal.MethodInvocationHelper.invokeMethod(MethodInvocationHelper.java:133)
at org.testng.internal.TestInvoker.invokeMethod(TestInvoker.java:598)
at org.testng.internal.TestInvoker.invokeTestMethod(TestInvoker.java:173)
at org.testng.internal.MethodRunner.runInSequence(MethodRunner.java:46)
at org.testng.internal.TestInvoker$MethodInvocationAgent.invoke(TestInvoker.java:824)
at org.testng.internal.TestInvoker.invokeTestMethods(TestInvoker.java:146)
at org.testng.internal.TestMethodWorker.invokeTestMethods(TestMethodWorker.java:146)
at org.testng.internal.TestMethodWorker.run(TestMethodWorker.java:128)
at java.base/java.util.ArrayList.forEach(ArrayList.java:1511)
at org.testng.TestRunner.privateRun(TestRunner.java:794)
at org.testng.TestRunner.run(TestRunner.java:596)
at org.testng.SuiteRunner.runTest(SuiteRunner.java:377)
at org.testng.SuiteRunner.runSequentially(SuiteRunner.java:371)
at org.testng.SuiteRunner.privateRun(SuiteRunner.java:332)
at org.testng.SuiteRunner.run(SuiteRunner.java:276)
at org.testng.SuiteRunnerWorker.runSuite(SuiteRunnerWorker.java:53)
at org.testng.SuiteRunnerWorker.run(SuiteRunnerWorker.java:96)
at org.testng.TestNG.runSuitesSequentially(TestNG.java:1212)
at org.testng.TestNG.runSuitesLocally(TestNG.java:1134)
at org.testng.TestNG.runSuites(TestNG.java:1063)
at org.testng.TestNG.run(TestNG.java:1031)
at org.testng.remote.AbstractRemoteTestNG.run(AbstractRemoteTestNG.java:115)
at org.testng.remote.RemoteTestNG.initAndRun(RemoteTestNG.java:251)
at org.testng.remote.RemoteTestNG.main(RemoteTestNG.java:77)
Caused by: java.lang.ClassCastException: class com.google.common.collect.Maps$TransformedEntriesMap cannot be cast to class org.openqa.selenium.WebElement (com.google.common.collect.Maps$TransformedEntriesMap and org.openqa.selenium.WebElement are in unnamed module of loader 'app')
at org.openqa.selenium.remote.RemoteWebDriver.findElement(RemoteWebDriver.java:368)
... 33 more
]]>
    </error>
  </testcase> <!-- LoginUnSS_not_valid_username -->
  <system-out/>
  <testcase classname="automation.testsuite.TrangNguyen.loginTest" name="LoginUnSS_password_is_Blank" time="0.004">
    <error message="Returned value cannot be converted to WebElement: {stacktrace=Backtrace:
	GetHandleVerifier [0x00398893+48451]
	(No symbol) [0x0032B8A1]
	(No symbol) [0x00234F20]
	(No symbol) [0x002577AC]
	(No symbol) [0x0027A1B6]
	(No symbol) [0x00276C2D]
	(No symbol) [0x0027669A]
	(No symbol) [0x00215301]
	(No symbol) [0x0021570E]
	(No symbol) [0x00215AEA]
	GetHandleVerifier [0x005F8E3A+2540266]
	GetHandleVerifier [0x00638959+2801161]
	GetHandleVerifier [0x0063295C+2776588]
	GetHandleVerifier [0x00422280+612144]
	(No symbol) [0x00334F6C]
	(No symbol) [0x00214F5A]
	(No symbol) [0x00214959]
	GetHandleVerifier [0x0065FD7C+2961964]
	BaseThreadInitThunk [0x75DE7D59+25]
	RtlInitializeExceptionChain [0x77E3B74B+107]
	RtlClearBits [0x77E3B6CF+191]
, error=invalid session id, message=invalid session id}
Build info: version: &#039;2.53.1&#039;, revision: &#039;a36b8b1cd5757287168e54b817830adce9b0158d&#039;, time: &#039;2016-06-30 19:26:09&#039;
System info: host: &#039;MSI&#039;, ip: &#039;10.20.0.169&#039;, os.name: &#039;Windows 11&#039;, os.arch: &#039;amd64&#039;, os.version: &#039;10.0&#039;, java.version: &#039;17.0.7&#039;
Driver info: driver.version: RemoteWebDriver" type="org.openqa.selenium.WebDriverException">
      <![CDATA[org.openqa.selenium.WebDriverException: Returned value cannot be converted to WebElement: {stacktrace=Backtrace:
GetHandleVerifier [0x00398893+48451]
(No symbol) [0x0032B8A1]
(No symbol) [0x00234F20]
(No symbol) [0x002577AC]
(No symbol) [0x0027A1B6]
(No symbol) [0x00276C2D]
(No symbol) [0x0027669A]
(No symbol) [0x00215301]
(No symbol) [0x0021570E]
(No symbol) [0x00215AEA]
GetHandleVerifier [0x005F8E3A+2540266]
GetHandleVerifier [0x00638959+2801161]
GetHandleVerifier [0x0063295C+2776588]
GetHandleVerifier [0x00422280+612144]
(No symbol) [0x00334F6C]
(No symbol) [0x00214F5A]
(No symbol) [0x00214959]
GetHandleVerifier [0x0065FD7C+2961964]
BaseThreadInitThunk [0x75DE7D59+25]
RtlInitializeExceptionChain [0x77E3B74B+107]
RtlClearBits [0x77E3B6CF+191]
, error=invalid session id, message=invalid session id}
Build info: version: '2.53.1', revision: 'a36b8b1cd5757287168e54b817830adce9b0158d', time: '2016-06-30 19:26:09'
System info: host: 'MSI', ip: '10.20.0.169', os.name: 'Windows 11', os.arch: 'amd64', os.version: '10.0', java.version: '17.0.7'
Driver info: driver.version: RemoteWebDriver
at org.openqa.selenium.remote.RemoteWebDriver.findElement(RemoteWebDriver.java:370)
at org.openqa.selenium.remote.RemoteWebDriver.findElementByXPath(RemoteWebDriver.java:500)
at org.openqa.selenium.By$ByXPath.findElement(By.java:361)
at org.openqa.selenium.remote.RemoteWebDriver.findElement(RemoteWebDriver.java:355)
at automation.pageLocatorTrangNTH.LoginPage.Login(LoginPage.java:28)
at automation.testsuite.TrangNguyen.loginTest.LoginUnSS_password_is_Blank(loginTest.java:79)
at java.base/jdk.internal.reflect.NativeMethodAccessorImpl.invoke0(Native Method)
at java.base/jdk.internal.reflect.NativeMethodAccessorImpl.invoke(NativeMethodAccessorImpl.java:77)
at java.base/jdk.internal.reflect.DelegatingMethodAccessorImpl.invoke(DelegatingMethodAccessorImpl.java:43)
at java.base/java.lang.reflect.Method.invoke(Method.java:568)
at org.testng.internal.MethodInvocationHelper.invokeMethod(MethodInvocationHelper.java:133)
at org.testng.internal.TestInvoker.invokeMethod(TestInvoker.java:598)
at org.testng.internal.TestInvoker.invokeTestMethod(TestInvoker.java:173)
at org.testng.internal.MethodRunner.runInSequence(MethodRunner.java:46)
at org.testng.internal.TestInvoker$MethodInvocationAgent.invoke(TestInvoker.java:824)
at org.testng.internal.TestInvoker.invokeTestMethods(TestInvoker.java:146)
at org.testng.internal.TestMethodWorker.invokeTestMethods(TestMethodWorker.java:146)
at org.testng.internal.TestMethodWorker.run(TestMethodWorker.java:128)
at java.base/java.util.ArrayList.forEach(ArrayList.java:1511)
at org.testng.TestRunner.privateRun(TestRunner.java:794)
at org.testng.TestRunner.run(TestRunner.java:596)
at org.testng.SuiteRunner.runTest(SuiteRunner.java:377)
at org.testng.SuiteRunner.runSequentially(SuiteRunner.java:371)
at org.testng.SuiteRunner.privateRun(SuiteRunner.java:332)
at org.testng.SuiteRunner.run(SuiteRunner.java:276)
at org.testng.SuiteRunnerWorker.runSuite(SuiteRunnerWorker.java:53)
at org.testng.SuiteRunnerWorker.run(SuiteRunnerWorker.java:96)
at org.testng.TestNG.runSuitesSequentially(TestNG.java:1212)
at org.testng.TestNG.runSuitesLocally(TestNG.java:1134)
at org.testng.TestNG.runSuites(TestNG.java:1063)
at org.testng.TestNG.run(TestNG.java:1031)
at org.testng.remote.AbstractRemoteTestNG.run(AbstractRemoteTestNG.java:115)
at org.testng.remote.RemoteTestNG.initAndRun(RemoteTestNG.java:251)
at org.testng.remote.RemoteTestNG.main(RemoteTestNG.java:77)
Caused by: java.lang.ClassCastException: class com.google.common.collect.Maps$TransformedEntriesMap cannot be cast to class org.openqa.selenium.WebElement (com.google.common.collect.Maps$TransformedEntriesMap and org.openqa.selenium.WebElement are in unnamed module of loader 'app')
at org.openqa.selenium.remote.RemoteWebDriver.findElement(RemoteWebDriver.java:368)
... 33 more
]]>
    </error>
  </testcase> <!-- LoginUnSS_password_is_Blank -->
  <system-out/>
  <testcase classname="automation.testsuite.TrangNguyen.loginTest" name="LoginUnSS_password_have_space_between" time="0.007">
    <error message="Returned value cannot be converted to WebElement: {stacktrace=Backtrace:
	GetHandleVerifier [0x00398893+48451]
	(No symbol) [0x0032B8A1]
	(No symbol) [0x00234F20]
	(No symbol) [0x002577AC]
	(No symbol) [0x0027A1B6]
	(No symbol) [0x00276C2D]
	(No symbol) [0x0027669A]
	(No symbol) [0x00215301]
	(No symbol) [0x0021570E]
	(No symbol) [0x00215AEA]
	GetHandleVerifier [0x005F8E3A+2540266]
	GetHandleVerifier [0x00638959+2801161]
	GetHandleVerifier [0x0063295C+2776588]
	GetHandleVerifier [0x00422280+612144]
	(No symbol) [0x00334F6C]
	(No symbol) [0x00214F5A]
	(No symbol) [0x00214959]
	GetHandleVerifier [0x0065FD7C+2961964]
	BaseThreadInitThunk [0x75DE7D59+25]
	RtlInitializeExceptionChain [0x77E3B74B+107]
	RtlClearBits [0x77E3B6CF+191]
, error=invalid session id, message=invalid session id}
Build info: version: &#039;2.53.1&#039;, revision: &#039;a36b8b1cd5757287168e54b817830adce9b0158d&#039;, time: &#039;2016-06-30 19:26:09&#039;
System info: host: &#039;MSI&#039;, ip: &#039;10.20.0.169&#039;, os.name: &#039;Windows 11&#039;, os.arch: &#039;amd64&#039;, os.version: &#039;10.0&#039;, java.version: &#039;17.0.7&#039;
Driver info: driver.version: RemoteWebDriver" type="org.openqa.selenium.WebDriverException">
      <![CDATA[org.openqa.selenium.WebDriverException: Returned value cannot be converted to WebElement: {stacktrace=Backtrace:
GetHandleVerifier [0x00398893+48451]
(No symbol) [0x0032B8A1]
(No symbol) [0x00234F20]
(No symbol) [0x002577AC]
(No symbol) [0x0027A1B6]
(No symbol) [0x00276C2D]
(No symbol) [0x0027669A]
(No symbol) [0x00215301]
(No symbol) [0x0021570E]
(No symbol) [0x00215AEA]
GetHandleVerifier [0x005F8E3A+2540266]
GetHandleVerifier [0x00638959+2801161]
GetHandleVerifier [0x0063295C+2776588]
GetHandleVerifier [0x00422280+612144]
(No symbol) [0x00334F6C]
(No symbol) [0x00214F5A]
(No symbol) [0x00214959]
GetHandleVerifier [0x0065FD7C+2961964]
BaseThreadInitThunk [0x75DE7D59+25]
RtlInitializeExceptionChain [0x77E3B74B+107]
RtlClearBits [0x77E3B6CF+191]
, error=invalid session id, message=invalid session id}
Build info: version: '2.53.1', revision: 'a36b8b1cd5757287168e54b817830adce9b0158d', time: '2016-06-30 19:26:09'
System info: host: 'MSI', ip: '10.20.0.169', os.name: 'Windows 11', os.arch: 'amd64', os.version: '10.0', java.version: '17.0.7'
Driver info: driver.version: RemoteWebDriver
at org.openqa.selenium.remote.RemoteWebDriver.findElement(RemoteWebDriver.java:370)
at org.openqa.selenium.remote.RemoteWebDriver.findElementByXPath(RemoteWebDriver.java:500)
at org.openqa.selenium.By$ByXPath.findElement(By.java:361)
at org.openqa.selenium.remote.RemoteWebDriver.findElement(RemoteWebDriver.java:355)
at automation.pageLocatorTrangNTH.LoginPage.Login(LoginPage.java:28)
at automation.testsuite.TrangNguyen.loginTest.LoginUnSS_password_have_space_between(loginTest.java:87)
at java.base/jdk.internal.reflect.NativeMethodAccessorImpl.invoke0(Native Method)
at java.base/jdk.internal.reflect.NativeMethodAccessorImpl.invoke(NativeMethodAccessorImpl.java:77)
at java.base/jdk.internal.reflect.DelegatingMethodAccessorImpl.invoke(DelegatingMethodAccessorImpl.java:43)
at java.base/java.lang.reflect.Method.invoke(Method.java:568)
at org.testng.internal.MethodInvocationHelper.invokeMethod(MethodInvocationHelper.java:133)
at org.testng.internal.TestInvoker.invokeMethod(TestInvoker.java:598)
at org.testng.internal.TestInvoker.invokeTestMethod(TestInvoker.java:173)
at org.testng.internal.MethodRunner.runInSequence(MethodRunner.java:46)
at org.testng.internal.TestInvoker$MethodInvocationAgent.invoke(TestInvoker.java:824)
at org.testng.internal.TestInvoker.invokeTestMethods(TestInvoker.java:146)
at org.testng.internal.TestMethodWorker.invokeTestMethods(TestMethodWorker.java:146)
at org.testng.internal.TestMethodWorker.run(TestMethodWorker.java:128)
at java.base/java.util.ArrayList.forEach(ArrayList.java:1511)
at org.testng.TestRunner.privateRun(TestRunner.java:794)
at org.testng.TestRunner.run(TestRunner.java:596)
at org.testng.SuiteRunner.runTest(SuiteRunner.java:377)
at org.testng.SuiteRunner.runSequentially(SuiteRunner.java:371)
at org.testng.SuiteRunner.privateRun(SuiteRunner.java:332)
at org.testng.SuiteRunner.run(SuiteRunner.java:276)
at org.testng.SuiteRunnerWorker.runSuite(SuiteRunnerWorker.java:53)
at org.testng.SuiteRunnerWorker.run(SuiteRunnerWorker.java:96)
at org.testng.TestNG.runSuitesSequentially(TestNG.java:1212)
at org.testng.TestNG.runSuitesLocally(TestNG.java:1134)
at org.testng.TestNG.runSuites(TestNG.java:1063)
at org.testng.TestNG.run(TestNG.java:1031)
at org.testng.remote.AbstractRemoteTestNG.run(AbstractRemoteTestNG.java:115)
at org.testng.remote.RemoteTestNG.initAndRun(RemoteTestNG.java:251)
at org.testng.remote.RemoteTestNG.main(RemoteTestNG.java:77)
Caused by: java.lang.ClassCastException: class com.google.common.collect.Maps$TransformedEntriesMap cannot be cast to class org.openqa.selenium.WebElement (com.google.common.collect.Maps$TransformedEntriesMap and org.openqa.selenium.WebElement are in unnamed module of loader 'app')
at org.openqa.selenium.remote.RemoteWebDriver.findElement(RemoteWebDriver.java:368)
... 33 more
]]>
    </error>
  </testcase> <!-- LoginUnSS_password_have_space_between -->
  <system-out/>
  <testcase classname="automation.testsuite.TrangNguyen.loginTest" name="LoginUnSS_username_is_Blank" time="0.007">
    <error message="Returned value cannot be converted to WebElement: {stacktrace=Backtrace:
	GetHandleVerifier [0x00398893+48451]
	(No symbol) [0x0032B8A1]
	(No symbol) [0x00234F20]
	(No symbol) [0x002577AC]
	(No symbol) [0x0027A1B6]
	(No symbol) [0x00276C2D]
	(No symbol) [0x0027669A]
	(No symbol) [0x00215301]
	(No symbol) [0x0021570E]
	(No symbol) [0x00215AEA]
	GetHandleVerifier [0x005F8E3A+2540266]
	GetHandleVerifier [0x00638959+2801161]
	GetHandleVerifier [0x0063295C+2776588]
	GetHandleVerifier [0x00422280+612144]
	(No symbol) [0x00334F6C]
	(No symbol) [0x00214F5A]
	(No symbol) [0x00214959]
	GetHandleVerifier [0x0065FD7C+2961964]
	BaseThreadInitThunk [0x75DE7D59+25]
	RtlInitializeExceptionChain [0x77E3B74B+107]
	RtlClearBits [0x77E3B6CF+191]
, error=invalid session id, message=invalid session id}
Build info: version: &#039;2.53.1&#039;, revision: &#039;a36b8b1cd5757287168e54b817830adce9b0158d&#039;, time: &#039;2016-06-30 19:26:09&#039;
System info: host: &#039;MSI&#039;, ip: &#039;10.20.0.169&#039;, os.name: &#039;Windows 11&#039;, os.arch: &#039;amd64&#039;, os.version: &#039;10.0&#039;, java.version: &#039;17.0.7&#039;
Driver info: driver.version: RemoteWebDriver" type="org.openqa.selenium.WebDriverException">
      <![CDATA[org.openqa.selenium.WebDriverException: Returned value cannot be converted to WebElement: {stacktrace=Backtrace:
GetHandleVerifier [0x00398893+48451]
(No symbol) [0x0032B8A1]
(No symbol) [0x00234F20]
(No symbol) [0x002577AC]
(No symbol) [0x0027A1B6]
(No symbol) [0x00276C2D]
(No symbol) [0x0027669A]
(No symbol) [0x00215301]
(No symbol) [0x0021570E]
(No symbol) [0x00215AEA]
GetHandleVerifier [0x005F8E3A+2540266]
GetHandleVerifier [0x00638959+2801161]
GetHandleVerifier [0x0063295C+2776588]
GetHandleVerifier [0x00422280+612144]
(No symbol) [0x00334F6C]
(No symbol) [0x00214F5A]
(No symbol) [0x00214959]
GetHandleVerifier [0x0065FD7C+2961964]
BaseThreadInitThunk [0x75DE7D59+25]
RtlInitializeExceptionChain [0x77E3B74B+107]
RtlClearBits [0x77E3B6CF+191]
, error=invalid session id, message=invalid session id}
Build info: version: '2.53.1', revision: 'a36b8b1cd5757287168e54b817830adce9b0158d', time: '2016-06-30 19:26:09'
System info: host: 'MSI', ip: '10.20.0.169', os.name: 'Windows 11', os.arch: 'amd64', os.version: '10.0', java.version: '17.0.7'
Driver info: driver.version: RemoteWebDriver
at org.openqa.selenium.remote.RemoteWebDriver.findElement(RemoteWebDriver.java:370)
at org.openqa.selenium.remote.RemoteWebDriver.findElementByXPath(RemoteWebDriver.java:500)
at org.openqa.selenium.By$ByXPath.findElement(By.java:361)
at org.openqa.selenium.remote.RemoteWebDriver.findElement(RemoteWebDriver.java:355)
at automation.pageLocatorTrangNTH.LoginPage.Login(LoginPage.java:28)
at automation.testsuite.TrangNguyen.loginTest.LoginUnSS_username_is_Blank(loginTest.java:55)
at java.base/jdk.internal.reflect.NativeMethodAccessorImpl.invoke0(Native Method)
at java.base/jdk.internal.reflect.NativeMethodAccessorImpl.invoke(NativeMethodAccessorImpl.java:77)
at java.base/jdk.internal.reflect.DelegatingMethodAccessorImpl.invoke(DelegatingMethodAccessorImpl.java:43)
at java.base/java.lang.reflect.Method.invoke(Method.java:568)
at org.testng.internal.MethodInvocationHelper.invokeMethod(MethodInvocationHelper.java:133)
at org.testng.internal.TestInvoker.invokeMethod(TestInvoker.java:598)
at org.testng.internal.TestInvoker.invokeTestMethod(TestInvoker.java:173)
at org.testng.internal.MethodRunner.runInSequence(MethodRunner.java:46)
at org.testng.internal.TestInvoker$MethodInvocationAgent.invoke(TestInvoker.java:824)
at org.testng.internal.TestInvoker.invokeTestMethods(TestInvoker.java:146)
at org.testng.internal.TestMethodWorker.invokeTestMethods(TestMethodWorker.java:146)
at org.testng.internal.TestMethodWorker.run(TestMethodWorker.java:128)
at java.base/java.util.ArrayList.forEach(ArrayList.java:1511)
at org.testng.TestRunner.privateRun(TestRunner.java:794)
at org.testng.TestRunner.run(TestRunner.java:596)
at org.testng.SuiteRunner.runTest(SuiteRunner.java:377)
at org.testng.SuiteRunner.runSequentially(SuiteRunner.java:371)
at org.testng.SuiteRunner.privateRun(SuiteRunner.java:332)
at org.testng.SuiteRunner.run(SuiteRunner.java:276)
at org.testng.SuiteRunnerWorker.runSuite(SuiteRunnerWorker.java:53)
at org.testng.SuiteRunnerWorker.run(SuiteRunnerWorker.java:96)
at org.testng.TestNG.runSuitesSequentially(TestNG.java:1212)
at org.testng.TestNG.runSuitesLocally(TestNG.java:1134)
at org.testng.TestNG.runSuites(TestNG.java:1063)
at org.testng.TestNG.run(TestNG.java:1031)
at org.testng.remote.AbstractRemoteTestNG.run(AbstractRemoteTestNG.java:115)
at org.testng.remote.RemoteTestNG.initAndRun(RemoteTestNG.java:251)
at org.testng.remote.RemoteTestNG.main(RemoteTestNG.java:77)
Caused by: java.lang.ClassCastException: class com.google.common.collect.Maps$TransformedEntriesMap cannot be cast to class org.openqa.selenium.WebElement (com.google.common.collect.Maps$TransformedEntriesMap and org.openqa.selenium.WebElement are in unnamed module of loader 'app')
at org.openqa.selenium.remote.RemoteWebDriver.findElement(RemoteWebDriver.java:368)
... 33 more
]]>
    </error>
  </testcase> <!-- LoginUnSS_username_is_Blank -->
  <system-out/>
</testsuite> <!-- automation.testsuite.TrangNguyen.loginTest -->
